Arguments: 
  C:\Program Files (x86)\Nodist\v-x64\10.15.3\node.exe C:\Program Files (x86)\Yarn\bin\yarn.js init

PATH: 
  C:\Program Files (x86)\Common Files\Intel\Shared Libraries\redist\intel64\compiler;C:\Program Files (x86)\Common Files\Oracle\Java\javapath;C:\Program Files (x86)\Razer Chroma SDK\bin;C:\Program Files\Razer Chroma SDK\bin;C:\Windows\system32;C:\Windows;C:\Windows\System32\Wbem;C:\Windows\System32\WindowsPowerShell\v1.0\;C:\Windows\System32\OpenSSH\;C:\Program Files (x86)\NVIDIA Corporation\PhysX\Common;D:\Brackets\command;C:\Program Files (x86)\Nodist\bin;C:\ProgramData\chocolatey\bin;C:\Program Files\Git\cmd;C:\Users\Hirokazu Degawa\AppData\Local\Microsoft\WindowsApps;C:\Users\Hirokazu Degawa\AppData\Local\Programs\Microsoft VS Code\bin;C:\Program Files (x86)\Yarn\bin\;C:\Users\Hirokazu Degawa\.windows-build-tools\python27\;C:\Program Files (x86)\Nodist\npmv\4.0.5\bin\node-gyp-bin;C:\Program Files (x86)\Nodist\bin\node_modules\windows-build-tools\node_modules\.bin;C:\Program Files (x86)\Nodist\bin\node_modules\.bin;C:\Users\Hirokazu Degawa\AppData\Local\Programs\Python\Python37\Scripts\;C:\Users\Hirokazu Degawa\AppData\Local\Programs\Python\Python37\;C:\Users\Hirokazu Degawa\AppData\Local\Yarn\bin

Yarn version: 
  1.16.0

Node version: 
  10.15.3

Platform: 
  win32 x64

Trace: 
  Error: canceled
      at Interface.<anonymous> (C:\Program Files (x86)\Yarn\lib\cli.js:125850:13)
      at Interface.emit (events.js:189:13)
      at Interface._ttyWrite (readline.js:783:16)
      at ReadStream.onkeypress (readline.js:168:10)
      at ReadStream.emit (events.js:189:13)
      at emitKeys (internal/readline.js:424:14)
      at emitKeys.next (<anonymous>)
      at ReadStream.onData (readline.js:1022:36)
      at ReadStream.emit (events.js:189:13)
      at addChunk (_stream_readable.js:284:12)

npm manifest: 
  No manifest

yarn manifest: 
  No manifest

Lockfile: 
  # THIS IS AN AUTOGENERATED FILE. DO NOT EDIT THIS FILE DIRECTLY.
  # yarn lockfile v1
